make all --print-data-base --no-builtin-variables --no-builtin-rules --question
# GNU Make 3.81
# Copyright (C) 2006  Free Software Foundation, Inc.
# This is free software; see the source for copying conditions.
# There is NO warranty; not even for MERCHANTABILITY or FITNESS FOR A
# PARTICULAR PURPOSE.

# This program built for i386-apple-darwin11.3.0
 
make: *** No rule to make target `all'.  Stop.


# Make data base, printed on Mon Aug  8 02:08:11 2022

# Variables

# automatic
<D = $(patsubst %/,%,$(dir $<))
# automatic
?F = $(notdir $?)
# automatic
?D = $(patsubst %/,%,$(dir $?))
# automatic
@D = $(patsubst %/,%,$(dir $@))
# automatic
@F = $(notdir $@)
# makefile
CURDIR := /Users/kumargaurav/Asteroids
# makefile
SHELL = /bin/sh
# environment
VSCODE_NLS_CONFIG = {"locale":"en-gb","availableLanguages":{},"_languagePackSupport":true}
# environment
_ = /usr/bin/make
# makefile (from `Makefile', line 3)
objects = main.o Angular_mom.o bc.o Characteristics.o cv_flux_source.o gravity.o IC.o IO.o march.o pressure_shed.o solver.o topography.o TVD.o
# makefile (from `Makefile', line 1)
MAKEFILE_LIST :=  Makefile
# environment
__CFBundleIdentifier = com.microsoft.VSCode
# environment
VSCODE_CWD = /
# environment
PATH = /Users/kumargaurav/opt/anaconda3/bin:/Users/kumargaurav/opt/anaconda3/condabin:/usr/local/bin:/usr/bin:/bin:/usr/sbin:/sbin
# environment
ELECTRON_RUN_AS_NODE = 1
# default
.FEATURES := target-specific order-only second-expansion else-if archives jobserver check-symlink
# environment
SSH_AUTH_SOCK = /private/tmp/com.apple.launchd.akUxlPUS32/Listeners
# automatic
%F = $(notdir $%)
# environment
CONDA_EXE = /Users/kumargaurav/opt/anaconda3/bin/conda
# environment
PWD = /Users/kumargaurav/Asteroids
# environment
ORIGINAL_XDG_CURRENT_DESKTOP = undefined
# environment
VSCODE_AMD_ENTRYPOINT = vs/workbench/api/node/extensionHostProcess
# environment
HOME = /Users/kumargaurav
# default
MAKEFILEPATH = $(shell /usr/bin/xcode-select -print-path 2>/dev/null || echo /Developer)/Makefiles
# environment
VSCODE_CODE_CACHE_PATH = /Users/kumargaurav/Library/Application Support/Code/CachedData/3b889b090b5ad5793f524b5d1d39fda662b96a2a
# environment
LOGNAME = kumargaurav
# environment
APPLICATION_INSIGHTS_NO_DIAGNOSTIC_CHANNEL = true
# environment
CONDA_PROMPT_MODIFIER = (base) 
# environment
VSCODE_HANDLES_UNCAUGHT_ERRORS = true
# automatic
^D = $(patsubst %/,%,$(dir $^))
# environment
CONDA_DEFAULT_ENV = base
# environment
XPC_FLAGS = 0x0
# default
MAKE = $(MAKE_COMMAND)
# default
MAKECMDGOALS := all
# environment
SHLVL = 1
# default
MAKE_VERSION := 3.81
# environment
USER = kumargaurav
# makefile
.DEFAULT_GOAL := gaurav
# automatic
%D = $(patsubst %/,%,$(dir $%))
# environment
CONDA_SHLVL = 1
# default
MAKE_COMMAND := /Library/Developer/CommandLineTools/usr/bin/make
# default
.VARIABLES := 
# environment
TMPDIR = /var/folders/6d/2xs5q4_d7n57jj6hw8sd072m0000gn/T/
# automatic
*F = $(notdir $*)
# environment
VSCODE_IPC_HOOK = /Users/kumargaurav/Library/Application Support/Code/1.69.2-main.sock
# environment
MallocNanoZone = 0
# makefile
MAKEFLAGS = Rrqp
# environment
MFLAGS = -Rrqp
# automatic
*D = $(patsubst %/,%,$(dir $*))
# environment
XPC_SERVICE_NAME = application.com.microsoft.VSCode.54824822.54824828
# automatic
+D = $(patsubst %/,%,$(dir $+))
# automatic
+F = $(notdir $+)
# environment
__CF_USER_TEXT_ENCODING = 0x1F5:0x0:0x0
# environment
COMMAND_MODE = unix2003
# default
MAKEFILES := 
# automatic
<F = $(notdir $<)
# makefile (from `Makefile', line 1)
CXX = g++
# environment
LC_ALL = C
# environment
CONDA_PYTHON_EXE = /Users/kumargaurav/opt/anaconda3/bin/python
# automatic
^F = $(notdir $^)
# default
SUFFIXES := 
# environment
_CE_M = 
# environment
MAKELEVEL := 0
# environment
CONDA_PREFIX = /Users/kumargaurav/opt/anaconda3
# environment
VSCODE_PID = 22385
# environment
_CE_CONDA = 
# environment
LANG = C
# variable set hash-table stats:
# Load=67/1024=7%, Rehash=0, Collisions=2/92=2%

# Pattern-specific Variable Values

# No pattern-specific variable values.

# Directories

# . (device 16777230, inode 46834665): 36 files, no impossibilities.

# 36 files, no impossibilities in 1 directories.

# Implicit Rules

# No implicit rules.

# Files

gaurav: main.o Angular_mom.o bc.o Characteristics.o cv_flux_source.o gravity.o IC.o IO.o march.o pressure_shed.o solver.o topography.o TVD.o
#  Implicit rule search has not been done.
#  Modification time never checked.
#  File has not been updated.
#  commands to execute (from `Makefile', line 7):
	$(CXX) -o gaurav $(objects)
	

# Not a target:
all:
#  Command-line target.
#  Implicit rule search has been done.
#  File does not exist.
#  File has not been updated.
# variable set hash-table stats:
# Load=0/32=0%, Rehash=0, Collisions=0/0=0%

IO.o: gauravlib.h
#  Implicit rule search has not been done.
#  Modification time never checked.
#  File has not been updated.

Characteristics.o: gauravlib.h
#  Implicit rule search has not been done.
#  Modification time never checked.
#  File has not been updated.

# Not a target:
.SUFFIXES:
#  Implicit rule search has not been done.
#  Modification time never checked.
#  File has not been updated.

# Not a target:
Makefile:
#  Implicit rule search has been done.
#  Last modified 2022-08-08 02:07:49
#  File has been updated.
#  Successfully updated.
# variable set hash-table stats:
# Load=0/32=0%, Rehash=0, Collisions=0/0=0%

march.o: gauravlib.h
#  Implicit rule search has not been done.
#  Modification time never checked.
#  File has not been updated.

gravity.o: gauravlib.h
#  Implicit rule search has not been done.
#  Modification time never checked.
#  File has not been updated.

cv_flux_source.o: gauravlib.h
#  Implicit rule search has not been done.
#  Modification time never checked.
#  File has not been updated.

# Not a target:
.DEFAULT:
#  Implicit rule search has not been done.
#  Modification time never checked.
#  File has not been updated.

Angular_mom.o: gauravlib.h
#  Implicit rule search has not been done.
#  Modification time never checked.
#  File has not been updated.

IC.o: gauravlib.h
#  Implicit rule search has not been done.
#  Modification time never checked.
#  File has not been updated.

TVD.o: gauravlib.h
#  Implicit rule search has not been done.
#  Modification time never checked.
#  File has not been updated.

pressure_shed.o: gauravlib.h
#  Implicit rule search has not been done.
#  Modification time never checked.
#  File has not been updated.

topography.o: gauravlib.h
#  Implicit rule search has not been done.
#  Modification time never checked.
#  File has not been updated.

main.o: gauravlib.h
#  Implicit rule search has not been done.
#  Modification time never checked.
#  File has not been updated.

bc.o: gauravlib.h
#  Implicit rule search has not been done.
#  Modification time never checked.
#  File has not been updated.

solver.o: gauravlib.h
#  Implicit rule search has not been done.
#  Modification time never checked.
#  File has not been updated.

# Not a target:
gauravlib.h:
#  Implicit rule search has not been done.
#  Modification time never checked.
#  File has not been updated.

# files hash-table stats:
# Load=19/1024=2%, Rehash=0, Collisions=0/57=0%
# VPATH Search Paths

# No `vpath' search paths.

# No general (`VPATH' variable) search path.

# # of strings in strcache: 1
# # of strcache buffers: 1
# strcache size: total = 4096 / max = 4096 / min = 4096 / avg = 4096
# strcache free: total = 4087 / max = 4087 / min = 4087 / avg = 4087

# Finished Make data base on Mon Aug  8 02:08:11 2022

 
